<?xml version="1.0" encoding="UTF-8"?>
<!-- Generated by org.testng.reporters.JUnitReportReporter -->
<testsuite hostname="ANONYMOUS" failures="0" tests="1" name="com.vaccinefinder.tests.CovidCasesTest" time="7.481" errors="0" timestamp="07 Feb 2024 03:45:12 GMT" skipped="0">
  <testcase classname="com.vaccinefinder.tests.CovidCasesTest" name="validateStateSelectionFromDropDown" time="7.481"/>
</testsuite> <!-- com.vaccinefinder.tests.CovidCasesTest -->
