<?xml version="1.0" encoding="UTF-8"?>
<!-- Generated by org.testng.reporters.JUnitReportReporter -->
<testsuite hostname="ANONYMOUS" failures="0" tests="1" name="com.vaccinefinder.tests.DownloadCertificateTest" time="22.166" errors="0" timestamp="07 Feb 2024 06:48:24 GMT" skipped="0">
  <testcase classname="com.vaccinefinder.tests.DownloadCertificateTest" name="cancelDownloadCertifictePopUp" time="22.166"/>
</testsuite> <!-- com.vaccinefinder.tests.DownloadCertificateTest -->
